DEBUG:asyncio:Using selector: SelectSelector
INFO:root:Adding comport: ['dev/ttyACM0', '/dev/ttyACM0', '/dev/ttyACM1', '/dev/ttyACM2', '/dev/ttyACM3', '/dev/ttyACM4', '/dev/ttyACM5', '/dev/ttyUSB0', '/dev/ttyUSB1', '/dev/ttyUSB2', '/dev/ttyUSB3', '/dev/ttyUSB4', '/dev/ttyUSB5', '/dev/ttyUSB6', '/dev/ttyUSB7', '/dev/ttyUSB8', '/dev/ttyUSB9', '/dev/ttyUSB10', '/dev/ttyS0', '/dev/ttyS1', '/dev/ttyS2', '/dev/tty.usbserial', '/dev/tty.usbmodem', 'com2', 'com3', 'com4', 'com5', 'com6', 'com7', 'com8', 'com9', 'com10', 'com11', 'com12', 'com13', 'com14', 'com15', 'com16', 'com17', 'com18', 'com19', 'com20', 'com21', 'com1', 'end']
DEBUG:asyncio:Using selector: SelectSelector
DEBUG:asyncio:Using selector: SelectSelector
DEBUG:asyncio:Using selector: SelectSelector
DEBUG:asyncio:Using selector: SelectSelector
DEBUG:asyncio:Using selector: SelectSelector
DEBUG:asyncio:Using selector: SelectSelector
DEBUG:asyncio:Using selector: SelectSelector
DEBUG:asyncio:Using selector: SelectSelector
DEBUG:asyncio:Using selector: SelectSelector
DEBUG:asyncio:Using selector: SelectSelector
DEBUG:asyncio:Using selector: SelectSelector
DEBUG:asyncio:Using selector: SelectSelector
DEBUG:asyncio:Using selector: SelectSelector
DEBUG:asyncio:Using selector: SelectSelector
DEBUG:asyncio:Using selector: SelectSelector
DEBUG:asyncio:Using selector: SelectSelector
DEBUG:asyncio:Using selector: SelectSelector
DEBUG:asyncio:Using selector: SelectSelector
DEBUG:asyncio:Using selector: SelectSelector
DEBUG:asyncio:Using selector: SelectSelector
DEBUG:asyncio:Using selector: SelectSelector
DEBUG:asyncio:Using selector: SelectSelector
DEBUG:asyncio:Using selector: SelectSelector
DEBUG:asyncio:Using selector: SelectSelector
DEBUG:asyncio:Using selector: SelectSelector
DEBUG:asyncio:Using selector: SelectSelector
DEBUG:asyncio:Using selector: SelectSelector
DEBUG:asyncio:Using selector: SelectSelector
DEBUG:asyncio:Using selector: SelectSelector
DEBUG:asyncio:Using selector: SelectSelector
DEBUG:asyncio:Using selector: SelectSelector
DEBUG:asyncio:Using selector: SelectSelector
DEBUG:asyncio:Using selector: SelectSelector
DEBUG:asyncio:Using selector: SelectSelector
DEBUG:asyncio:Using selector: SelectSelector
DEBUG:asyncio:Using selector: SelectSelector
DEBUG:asyncio:Using selector: SelectSelector
DEBUG:asyncio:Using selector: SelectSelector
DEBUG:asyncio:Using selector: SelectSelector
DEBUG:asyncio:Using selector: SelectSelector
DEBUG:asyncio:Using selector: SelectSelector
DEBUG:asyncio:Using selector: SelectSelector
DEBUG:asyncio:Using selector: SelectSelector
DEBUG:asyncio:Using selector: SelectSelector
DEBUG:asyncio:Using selector: SelectSelector
DEBUG:asyncio:Using selector: SelectSelector
INFO:root:starting service
INFO:root:creating task to ekeep open serial ports
INFO:root:Wildcards Link Version 0.1 Copyright (c) 2015-2017 Alan Yorinks All rights reserved. Copyright (c) 2018 Dynamic Phase, LLC. All rights reserved.
INFO:root:Clearing all responses
INFO:root:I'm the one calling startserial
INFO:root:Apparently there isn't even a CurrentPort assigned...?
INFO:root:NextAvailablePort2 is now com3
INFO:root:Opening this port: com3
INFO:root:Port is available without error
INFO:root:No current port, so opening the port now...
INFO:root:Yay, we're in the CurrentPort, about to open it  True     False
INFO:root:iT IS AVAILable and not already open
INFO:root:Opening up port com3 and clearing input output buffers
INFO:root:Marking _IsPortOpen for port com3
INFO:root:you are now in assign_serial_port
INFO:root:Clearing all responses
INFO:root:waiting for 2 seconds
INFO:root:time is up!
INFO:root:Setting up Firmata on port com3
INFO:root:Checking Firmware version
INFO:root:sending 121
INFO:root:ð
INFO:root:TimeoutError while writing
INFO:root:Marking _IsPortOpen as FALSE for port com3
INFO:root:y
INFO:root:not going to write y
INFO:root:÷
INFO:root:not going to write ÷
INFO:root:Finished checking Firmware version
ERROR:root:*** Firmware Version retrieval timed out. ***
NoneType: None
ERROR:root:Firmata not found
NoneType: None
INFO:root:!!!!!!!!!!!!!!!!!!!!!!!!!!Found Command Dispatcher
INFO:root:sserv is <websockets.server.Serve object at 0x05147EB0>
INFO:root:com3 is indicated as NOT Open, see:  False 
INFO:root:waiting1
INFO:root:waiting1
INFO:root:waiting1
INFO:root:waiting1
INFO:root:waiting1
INFO:root:waiting1
INFO:root:waiting1
INFO:root:waiting1
INFO:root:waiting1
INFO:root:waiting1
INFO:root:waiting1
INFO:root:waiting1
INFO:root:waiting1
INFO:root:waiting1
INFO:root:waiting1
INFO:root:waiting1
INFO:root:waiting1
INFO:root:waiting1
INFO:root:waiting1
INFO:root:waiting1
INFO:root:waiting1
INFO:root:waiting1
INFO:root:waiting1
INFO:root:waiting1
INFO:root:waiting1
INFO:root:waiting1
INFO:root:waiting1
INFO:root:waiting1
INFO:root:waiting1
INFO:root:waiting1
INFO:root:waiting1
INFO:root:port availability chagned!!!!!!!!!
INFO:root:reverting had_error back to false
INFO:root:NextAvailablePort1 is now com18
INFO:root:Opening this port: com18
INFO:root:Port is available without error
INFO:root:There is a CurrentPort already
INFO:root:but it is not open
INFO:root:so opening the new port now...
INFO:root:Yay, we're in the CurrentPort, about to open it  True     False
INFO:root:iT IS AVAILable and not already open
INFO:root:Opening up port com18 and clearing input output buffers
INFO:root:Marking _IsPortOpen for port com18
INFO:root:you are now in assign_serial_port
INFO:root:Clearing all responses
INFO:root:waiting for 2 seconds
INFO:root:time is up!
INFO:root:Setting up Firmata on port com18
INFO:root:Checking Firmware version
INFO:root:sending 121
INFO:root:ð
INFO:root:Wrote b'\xf0' on com18!
INFO:root:y
INFO:root:Wrote b'y' on com18!
INFO:root:÷
INFO:root:Wrote b'\xf7' on com18!
INFO:root:finished this read cycle
INFO:root:Finished checking Firmware version
INFO:root:
Firmware ID: 2.5 FirmataPlus.ino
INFO:root:relevant port com18
INFO:root:getting analog map
INFO:root:doing analog mapping request
INFO:root:sending 105
INFO:root:ð
INFO:root:Wrote b'\xf0' on com18!
INFO:root:i
INFO:root:Wrote b'i' on com18!
INFO:root:÷
INFO:root:Wrote b'\xf7' on com18!
INFO:root:finished this read cycle
INFO:root:finished this read cycle
INFO:root:got analog map
INFO:root:sending 107
INFO:root:ð
INFO:root:Wrote b'\xf0' on com18!
INFO:root:k
INFO:root:Wrote b'k' on com18!
INFO:root:÷
INFO:root:Wrote b'\xf7' on com18!
INFO:root:finished this read cycle
INFO:root:appending a new pin Pin 0 of Port 0 hasanalog = False   len 1
INFO:root:appending a new pin Pin 1 of Port 0 hasanalog = False   len 2
INFO:root:appending a new pin Pin 2 of Port 0 hasanalog = False   len 3
INFO:root:appending a new pin Pin 3 of Port 0 hasanalog = False   len 4
INFO:root:appending a new pin Pin 4 of Port 0 hasanalog = False   len 5
INFO:root:appending a new pin Pin 5 of Port 0 hasanalog = False   len 6
INFO:root:appending a new pin Pin 6 of Port 0 hasanalog = False   len 7
INFO:root:appending a new pin Pin 7 of Port 0 hasanalog = False   len 8
INFO:root:appending a new pin Pin 0 of Port 1 hasanalog = False   len 9
INFO:root:appending a new pin Pin 1 of Port 1 hasanalog = False   len 10
INFO:root:appending a new pin Pin 2 of Port 1 hasanalog = False   len 11
INFO:root:appending a new pin Pin 3 of Port 1 hasanalog = False   len 12
INFO:root:appending a new pin Pin 4 of Port 1 hasanalog = False   len 13
INFO:root:appending a new pin Pin 5 of Port 1 hasanalog = False   len 14
INFO:root:appending a new pin Pin 6 of Port 1 hasanalog = True   len 15
INFO:root:appending a new pin Pin 7 of Port 1 hasanalog = True   len 16
INFO:root:appending a new pin Pin 0 of Port 2 hasanalog = True   len 17
INFO:root:appending a new pin Pin 1 of Port 2 hasanalog = True   len 18
INFO:root:appending a new pin Pin 2 of Port 2 hasanalog = True   len 19
INFO:root:appending a new pin Pin 3 of Port 2 hasanalog = True   len 20
INFO:root:Auto-discovery complete. Found 20 Digital Pins and 6 Analog Pins
INFO:root:finished this read cycle
INFO:root:com18 is indicated as Open
INFO:root:com18 is indicated as Open
INFO:root:com18 is indicated as Open
INFO:root:com18 is indicated as Open
INFO:root:com18 is indicated as Open
INFO:root:com18 is indicated as Open
INFO:root:com18 is indicated as Open
INFO:root:
Finished Cleaning Up, Bye!
